Case #1: 1 0
Case #2: 1 0
Case #3: 1 1
Case #4: 0 0
Case #5: 500 499
Case #6: 0 0
Case #7: 0 0
Case #8: 1 0
Case #9: 0 0
Case #10: 0 0
Case #11: 1 1
Case #12: 0 0
Case #13: 7 6
Case #14: 499 499
Case #15: 0 0
Case #16: 0 0
Case #17: 0 0
Case #18: 0 0
Case #19: 1 0
Case #20: 1 0
Case #21: 0 0
Case #22: 0 0
Case #23: 0 0
Case #24: 1 0
Case #25: 250 249
Case #26: 0 0
Case #27: 3 3
Case #28: 1 0
Case #29: 3 3
Case #30: 0 0
Case #31: 1 1
Case #32: 0 0
Case #33: 3 2
Case #34: 3 2
Case #35: 0 0
Case #36: 3 3
Case #37: 1 0
Case #38: 1 0
Case #39: 1 0
Case #40: 0 0
Case #41: 0 0
Case #42: 1 0
Case #43: 1 1
Case #44: 0 0
Case #45: 0 0
Case #46: 0 0
Case #47: 0 0
Case #48: 0 0
Case #49: 0 0
Case #50: 0 0
Case #51: 3 3
Case #52: 1 1
Case #53: 1 1
Case #54: 0 0
Case #55: 1 0
Case #56: 250 249
Case #57: 0 0
Case #58: 0 0
Case #59: 1 0
Case #60: 0 0
Case #61: 0 0
Case #62: 0 0
Case #63: 1 1
Case #64: 1 1
Case #65: 1 0
Case #66: 0 0
Case #67: 0 0
Case #68: 0 0
Case #69: 1 1
Case #70: 0 0
Case #71: 125 124
Case #72: 0 0
Case #73: 0 0
Case #74: 0 0
Case #75: 1 1
Case #76: 1 1
Case #77: 0 0
Case #78: 1 0
Case #79: 2 1
Case #80: 0 0
Case #81: 2 2
Case #82: 0 0
Case #83: 0 0
Case #84: 1 0
Case #85: 1 0
Case #86: 0 0
Case #87: 0 0
Case #88: 7 6
Case #89: 3 2
Case #90: 1 0
Case #91: 249 249
Case #92: 0 0
Case #93: 1 0
Case #94: 3 2
Case #95: 1 0
Case #96: 0 0
Case #97: 0 0
Case #98: 1 0
Case #99: 0 0
Case #100: 0 0
