Case #1: 1 0
Case #2: 1 0
Case #3: 1 1
Case #4: 0 0
Case #5: 500 499
Case #6: 1 1
Case #7: 0 0
Case #8: 1 1
Case #9: 0 0
Case #10: 0 0
Case #11: 1 0
Case #12: 0 0
Case #13: 0 0
Case #14: 0 0
Case #15: 0 0
Case #16: 0 0
Case #17: 0 0
Case #18: 1 0
Case #19: 1 0
Case #20: 0 0
Case #21: 1 1
Case #22: 0 0
Case #23: 500000 499999
Case #24: 1 1
Case #25: 3 2
Case #26: 2 2
Case #27: 0 0
Case #28: 0 0
Case #29: 0 0
Case #30: 3905 3905
Case #31: 1 1
Case #32: 1 0
Case #33: 0 0
Case #34: 1 1
Case #35: 0 0
Case #36: 0 0
Case #37: 1 0
Case #38: 1 0
Case #39: 1953 1952
Case #40: 3 2
Case #41: 0 0
Case #42: 0 0
Case #43: 1 1
Case #44: 1 0
Case #45: 0 0
Case #46: 1 0
Case #47: 1 0
Case #48: 3906 3905
Case #49: 0 0
Case #50: 0 0
Case #51: 1 0
Case #52: 1 0
Case #53: 0 0
Case #54: 0 0
Case #55: 1 1
Case #56: 1 1
Case #57: 1 0
Case #58: 499999 499999
Case #59: 0 0
Case #60: 0 0
Case #61: 0 0
Case #62: 0 0
Case #63: 0 0
Case #64: 1 1
Case #65: 250000 249999
Case #66: 3906 3905
Case #67: 0 0
Case #68: 0 0
Case #69: 0 0
Case #70: 0 0
Case #71: 125000 124999
Case #72: 0 0
Case #73: 0 0
Case #74: 1 0
Case #75: 7812 7811
Case #76: 0 0
Case #77: 1 0
Case #78: 0 0
Case #79: 0 0
Case #80: 7812 7811
Case #81: 0 0
Case #82: 0 0
Case #83: 1 0
Case #84: 0 0
Case #85: 1 0
Case #86: 0 0
Case #87: 1 0
Case #88: 249999 249999
Case #89: 0 0
Case #90: 1 0
Case #91: 0 0
Case #92: 3 2
Case #93: 0 0
Case #94: 0 0
Case #95: 2 1
Case #96: 250000 249999
Case #97: 1 0
Case #98: 0 0
Case #99: 0 0
Case #100: 0 0
